c:\users\bradley\documents\programación\programacion i\ii proyecto\proyecto_ii_bradleyseguraborbon\proyecto_ii_bradleyseguraborbon_cimg\x64\debug\vc143.pdb
c:\users\bradley\documents\programación\programacion i\ii proyecto\proyecto_ii_bradleyseguraborbon\proyecto_ii_bradleyseguraborbon_cimg\x64\debug\vc143.idb
c:\users\bradley\documents\programación\programacion i\ii proyecto\proyecto_ii_bradleyseguraborbon\proyecto_ii_bradleyseguraborbon_cimg\x64\debug\vertice.obj
c:\users\bradley\documents\programación\programacion i\ii proyecto\proyecto_ii_bradleyseguraborbon\proyecto_ii_bradleyseguraborbon_cimg\x64\debug\route.obj
c:\users\bradley\documents\programación\programacion i\ii proyecto\proyecto_ii_bradleyseguraborbon\proyecto_ii_bradleyseguraborbon_cimg\x64\debug\map.obj
c:\users\bradley\documents\programación\programacion i\ii proyecto\proyecto_ii_bradleyseguraborbon\proyecto_ii_bradleyseguraborbon_cimg\x64\debug\main.obj
c:\users\bradley\documents\programación\programacion i\ii proyecto\proyecto_ii_bradleyseguraborbon\proyecto_ii_bradleyseguraborbon_cimg\x64\debug\button.obj
c:\users\bradley\documents\programación\programacion i\ii proyecto\proyecto_ii_bradleyseguraborbon\proyecto_ii_bradleyseguraborbon_cimg\x64\debug\path.obj
c:\users\bradley\documents\programación\programacion i\ii proyecto\proyecto_ii_bradleyseguraborbon\proyecto_ii_bradleyseguraborbon_cimg\x64\debug\proyecto_ii_bradleyseguraborbon_cimg.ilk
c:\users\bradley\documents\programación\programacion i\ii proyecto\proyecto_ii_bradleyseguraborbon\x64\debug\proyecto_ii_bradleyseguraborbon.pdb
c:\users\bradley\documents\programación\programacion i\ii proyecto\proyecto_ii_bradleyseguraborbon\proyecto_ii_bradleyseguraborbon_cimg\x64\debug\proyecto.96fc54fd.tlog\cl.command.1.tlog
c:\users\bradley\documents\programación\programacion i\ii proyecto\proyecto_ii_bradleyseguraborbon\proyecto_ii_bradleyseguraborbon_cimg\x64\debug\proyecto.96fc54fd.tlog\cl.items.tlog
c:\users\bradley\documents\programación\programacion i\ii proyecto\proyecto_ii_bradleyseguraborbon\proyecto_ii_bradleyseguraborbon_cimg\x64\debug\proyecto.96fc54fd.tlog\cl.read.1.tlog
c:\users\bradley\documents\programación\programacion i\ii proyecto\proyecto_ii_bradleyseguraborbon\proyecto_ii_bradleyseguraborbon_cimg\x64\debug\proyecto.96fc54fd.tlog\cl.write.1.tlog
c:\users\bradley\documents\programación\programacion i\ii proyecto\proyecto_ii_bradleyseguraborbon\proyecto_ii_bradleyseguraborbon_cimg\x64\debug\proyecto.96fc54fd.tlog\link-cvtres.read.1.tlog
c:\users\bradley\documents\programación\programacion i\ii proyecto\proyecto_ii_bradleyseguraborbon\proyecto_ii_bradleyseguraborbon_cimg\x64\debug\proyecto.96fc54fd.tlog\link-cvtres.write.1.tlog
c:\users\bradley\documents\programación\programacion i\ii proyecto\proyecto_ii_bradleyseguraborbon\proyecto_ii_bradleyseguraborbon_cimg\x64\debug\proyecto.96fc54fd.tlog\link-rc.read.1.tlog
c:\users\bradley\documents\programación\programacion i\ii proyecto\proyecto_ii_bradleyseguraborbon\proyecto_ii_bradleyseguraborbon_cimg\x64\debug\proyecto.96fc54fd.tlog\link-rc.write.1.tlog
c:\users\bradley\documents\programación\programacion i\ii proyecto\proyecto_ii_bradleyseguraborbon\proyecto_ii_bradleyseguraborbon_cimg\x64\debug\proyecto.96fc54fd.tlog\link.20144-cvtres.read.1.tlog
c:\users\bradley\documents\programación\programacion i\ii proyecto\proyecto_ii_bradleyseguraborbon\proyecto_ii_bradleyseguraborbon_cimg\x64\debug\proyecto.96fc54fd.tlog\link.20144-cvtres.write.1.tlog
c:\users\bradley\documents\programación\programacion i\ii proyecto\proyecto_ii_bradleyseguraborbon\proyecto_ii_bradleyseguraborbon_cimg\x64\debug\proyecto.96fc54fd.tlog\link.20144-rc.read.1.tlog
c:\users\bradley\documents\programación\programacion i\ii proyecto\proyecto_ii_bradleyseguraborbon\proyecto_ii_bradleyseguraborbon_cimg\x64\debug\proyecto.96fc54fd.tlog\link.20144-rc.write.1.tlog
c:\users\bradley\documents\programación\programacion i\ii proyecto\proyecto_ii_bradleyseguraborbon\proyecto_ii_bradleyseguraborbon_cimg\x64\debug\proyecto.96fc54fd.tlog\link.20144.read.1.tlog
c:\users\bradley\documents\programación\programacion i\ii proyecto\proyecto_ii_bradleyseguraborbon\proyecto_ii_bradleyseguraborbon_cimg\x64\debug\proyecto.96fc54fd.tlog\link.20144.read.2.tlog
c:\users\bradley\documents\programación\programacion i\ii proyecto\proyecto_ii_bradleyseguraborbon\proyecto_ii_bradleyseguraborbon_cimg\x64\debug\proyecto.96fc54fd.tlog\link.20144.write.1.tlog
c:\users\bradley\documents\programación\programacion i\ii proyecto\proyecto_ii_bradleyseguraborbon\proyecto_ii_bradleyseguraborbon_cimg\x64\debug\proyecto.96fc54fd.tlog\link.command.1.tlog
c:\users\bradley\documents\programación\programacion i\ii proyecto\proyecto_ii_bradleyseguraborbon\proyecto_ii_bradleyseguraborbon_cimg\x64\debug\proyecto.96fc54fd.tlog\link.read.1.tlog
c:\users\bradley\documents\programación\programacion i\ii proyecto\proyecto_ii_bradleyseguraborbon\proyecto_ii_bradleyseguraborbon_cimg\x64\debug\proyecto.96fc54fd.tlog\link.read.2.tlog
c:\users\bradley\documents\programación\programacion i\ii proyecto\proyecto_ii_bradleyseguraborbon\proyecto_ii_bradleyseguraborbon_cimg\x64\debug\proyecto.96fc54fd.tlog\link.write.1.tlog
